# JRE version: OpenJDK Runtime Environment (8.0_131-b11) (build 1.8.0_131-8u131-b11-0ubuntu1.16.04.2-b11)
# Java VM: OpenJDK 64-Bit Server VM (25.131-b11 mixed mode linux-amd64 compressed oops)
Heap:
 PSYoungGen      total 264704K, used 126353K [0x00000000eab00000, 0x0000000100000000, 0x0000000100000000)
  eden space 182784K, 57% used [0x00000000eab00000,0x00000000f11d08d0,0x00000000f5d80000)
  from space 81920K, 25% used [0x00000000f5d80000,0x00000000f7213e80,0x00000000fad80000)
  to   space 76288K, 0% used [0x00000000fb580000,0x00000000fb580000,0x0000000100000000)
 ParOldGen       total 699392K, used 134329K [0x00000000c0000000, 0x00000000eab00000, 0x00000000eab00000)
  object space 699392K, 19% used [0x00000000c0000000,0x00000000c832e7d0,0x00000000eab00000)
 Metaspace       used 135818K, capacity 136734K, committed 141016K, reserved 1167360K
  class space    used 22405K, capacity 22648K, committed 23552K, reserved 1048576K
GC Heap History (10 events):
Event: 794,849 GC heap before
{Heap before GC invocations=219 (full 16):
 PSYoungGen      total 262656K, used 173834K [0x00000000eab00000, 0x0000000100000000, 0x0000000100000000)
  eden space 174080K, 98% used [0x00000000eab00000,0x00000000f52629e8,0x00000000f5500000)
  from space 88576K, 2% used [0x00000000fa980000,0x00000000fabe0050,0x0000000100000000)
  to   space 86528K, 0% used [0x00000000f5500000,0x00000000f5500000,0x00000000fa980000)
 ParOldGen       total 699392K, used 481991K [0x00000000c0000000, 0x00000000eab00000, 0x00000000eab00000)
  object space 699392K, 68% used [0x00000000c0000000,0x00000000dd6b1e48,0x00000000eab00000)
 Metaspace       used 138264K, capacity 139304K, committed 141016K, reserved 1167360K
  class space    used 22755K, capacity 23033K, committed 23552K, reserved 1048576K
Event: 794,858 GC heap after
Heap after GC invocations=219 (full 16):
 PSYoungGen      total 260608K, used 3392K [0x00000000eab00000, 0x0000000100000000, 0x0000000100000000)
  eden space 174080K, 0% used [0x00000000eab00000,0x00000000eab00000,0x00000000f5500000)
  from space 86528K, 3% used [0x00000000f5500000,0x00000000f5850020,0x00000000fa980000)
  to   space 84480K, 0% used [0x00000000fad80000,0x00000000fad80000,0x0000000100000000)
 ParOldGen       total 699392K, used 483823K [0x00000000c0000000, 0x00000000eab00000, 0x00000000eab00000)
  object space 699392K, 69% used [0x00000000c0000000,0x00000000dd87beb8,0x00000000eab00000)
 Metaspace       used 138264K, capacity 139304K, committed 141016K, reserved 1167360K
  class space    used 22755K, capacity 23033K, committed 23552K, reserved 1048576K
}
Event: 794,858 GC heap before
{Heap before GC invocations=220 (full 17):
 PSYoungGen      total 260608K, used 3392K [0x00000000eab00000, 0x0000000100000000, 0x0000000100000000)
  eden space 174080K, 0% used [0x00000000eab00000,0x00000000eab00000,0x00000000f5500000)
  from space 86528K, 3% used [0x00000000f5500000,0x00000000f5850020,0x00000000fa980000)
  to   space 84480K, 0% used [0x00000000fad80000,0x00000000fad80000,0x0000000100000000)
 ParOldGen       total 699392K, used 483823K [0x00000000c0000000, 0x00000000eab00000, 0x00000000eab00000)
  object space 699392K, 69% used [0x00000000c0000000,0x00000000dd87beb8,0x00000000eab00000)
 Metaspace       used 138264K, capacity 139304K, committed 141016K, reserved 1167360K
  class space    used 22755K, capacity 23033K, committed 23552K, reserved 1048576K
Event: 795,362 GC heap after
Heap after GC invocations=220 (full 17):
 PSYoungGen      total 260608K, used 0K [0x00000000eab00000, 0x0000000100000000, 0x0000000100000000)
  eden space 174080K, 0% used [0x00000000eab00000,0x00000000eab00000,0x00000000f5500000)
  from space 86528K, 0% used [0x00000000f5500000,0x00000000f5500000,0x00000000fa980000)
  to   space 84480K, 0% used [0x00000000fad80000,0x00000000fad80000,0x0000000100000000)
 ParOldGen       total 699392K, used 134567K [0x00000000c0000000, 0x00000000eab00000, 0x00000000eab00000)
  object space 699392K, 19% used [0x00000000c0000000,0x00000000c8369d78,0x00000000eab00000)
 Metaspace       used 135330K, capacity 136188K, committed 141016K, reserved 1167360K
  class space    used 22376K, capacity 22597K, committed 23552K, reserved 1048576K
}
Event: 795,363 GC heap before
{Heap before GC invocations=221 (full 17):
 PSYoungGen      total 260608K, used 956K [0x00000000eab00000, 0x0000000100000000, 0x0000000100000000)
  eden space 174080K, 0% used [0x00000000eab00000,0x00000000eabef108,0x00000000f5500000)
  from space 86528K, 0% used [0x00000000f5500000,0x00000000f5500000,0x00000000fa980000)
  to   space 84480K, 0% used [0x00000000fad80000,0x00000000fad80000,0x0000000100000000)
 ParOldGen       total 699392K, used 134567K [0x00000000c0000000, 0x00000000eab00000, 0x00000000eab00000)
  object space 699392K, 19% used [0x00000000c0000000,0x00000000c8369d78,0x00000000eab00000)
 Metaspace       used 135330K, capacity 136188K, committed 141016K, reserved 1167360K
  class space    used 22376K, capacity 22597K, committed 23552K, reserved 1048576K
Event: 795,365 GC heap after
Heap after GC invocations=221 (full 17):
 PSYoungGen      total 267264K, used 0K [0x00000000eab00000, 0x0000000100000000, 0x0000000100000000)
  eden space 182784K, 0% used [0x00000000eab00000,0x00000000eab00000,0x00000000f5d80000)
  from space 84480K, 0% used [0x00000000fad80000,0x00000000fad80000,0x0000000100000000)
  to   space 81920K, 0% used [0x00000000f5d80000,0x00000000f5d80000,0x00000000fad80000)
 ParOldGen       total 699392K, used 134567K [0x00000000c0000000, 0x00000000eab00000, 0x00000000eab00000)
  object space 699392K, 19% used [0x00000000c0000000,0x00000000c8369d78,0x00000000eab00000)
 Metaspace       used 135330K, capacity 136188K, committed 141016K, reserved 1167360K
  class space    used 22376K, capacity 22597K, committed 23552K, reserved 1048576K
}
Event: 795,365 GC heap before
{Heap before GC invocations=222 (full 18):
 PSYoungGen      total 267264K, used 0K [0x00000000eab00000, 0x0000000100000000, 0x0000000100000000)
  eden space 182784K, 0% used [0x00000000eab00000,0x00000000eab00000,0x00000000f5d80000)
  from space 84480K, 0% used [0x00000000fad80000,0x00000000fad80000,0x0000000100000000)
  to   space 81920K, 0% used [0x00000000f5d80000,0x00000000f5d80000,0x00000000fad80000)
 ParOldGen       total 699392K, used 134567K [0x00000000c0000000, 0x00000000eab00000, 0x00000000eab00000)
  object space 699392K, 19% used [0x00000000c0000000,0x00000000c8369d78,0x00000000eab00000)
 Metaspace       used 135330K, capacity 136188K, committed 141016K, reserved 1167360K
  class space    used 22376K, capacity 22597K, committed 23552K, reserved 1048576K
Event: 795,555 GC heap after
Heap after GC invocations=222 (full 18):
 PSYoungGen      total 267264K, used 0K [0x00000000eab00000, 0x0000000100000000, 0x0000000100000000)
  eden space 182784K, 0% used [0x00000000eab00000,0x00000000eab00000,0x00000000f5d80000)
  from space 84480K, 0% used [0x00000000fad80000,0x00000000fad80000,0x0000000100000000)
  to   space 81920K, 0% used [0x00000000f5d80000,0x00000000f5d80000,0x00000000fad80000)
 ParOldGen       total 699392K, used 134329K [0x00000000c0000000, 0x00000000eab00000, 0x00000000eab00000)
  object space 699392K, 19% used [0x00000000c0000000,0x00000000c832e7d0,0x00000000eab00000)
 Metaspace       used 135330K, capacity 136188K, committed 141016K, reserved 1167360K
  class space    used 22376K, capacity 22597K, committed 23552K, reserved 1048576K
}
Event: 810,693 GC heap before
{Heap before GC invocations=223 (full 18):
 PSYoungGen      total 267264K, used 182784K [0x00000000eab00000, 0x0000000100000000, 0x0000000100000000)
  eden space 182784K, 100% used [0x00000000eab00000,0x00000000f5d80000,0x00000000f5d80000)
  from space 84480K, 0% used [0x00000000fad80000,0x00000000fad80000,0x0000000100000000)
  to   space 81920K, 0% used [0x00000000f5d80000,0x00000000f5d80000,0x00000000fad80000)
 ParOldGen       total 699392K, used 134329K [0x00000000c0000000, 0x00000000eab00000, 0x00000000eab00000)
  object space 699392K, 19% used [0x00000000c0000000,0x00000000c832e7d0,0x00000000eab00000)
 Metaspace       used 135396K, capacity 136264K, committed 141016K, reserved 1167360K
  class space    used 22377K, capacity 22599K, committed 23552K, reserved 1048576K
Event: 810,704 GC heap after
Heap after GC invocations=223 (full 18):
 PSYoungGen      total 264704K, used 21071K [0x00000000eab00000, 0x0000000100000000, 0x0000000100000000)
  eden space 182784K, 0% used [0x00000000eab00000,0x00000000eab00000,0x00000000f5d80000)
  from space 81920K, 25% used [0x00000000f5d80000,0x00000000f7213e80,0x00000000fad80000)
  to   space 76288K, 0% used [0x00000000fb580000,0x00000000fb580000,0x0000000100000000)
 ParOldGen       total 699392K, used 134329K [0x00000000c0000000, 0x00000000eab00000, 0x00000000eab00000)
  object space 699392K, 19% used [0x00000000c0000000,0x00000000c832e7d0,0x00000000eab00000)
 Metaspace       used 135396K, capacity 136264K, committed 141016K, reserved 1167360K
  class space    used 22377K, capacity 22599K, committed 23552K, reserved 1048576K
}

