# JRE version: OpenJDK Runtime Environment (8.0_131-b11) (build 1.8.0_131-8u131-b11-2ubuntu1.16.04.3-b11)
# Java VM: OpenJDK 64-Bit Server VM (25.131-b11 mixed mode linux-amd64 compressed oops)
Heap:
 PSYoungGen      total 284672K, used 179281K [0x00000000eab00000, 0x0000000100000000, 0x0000000100000000)
  eden space 224256K, 63% used [0x00000000eab00000,0x00000000f3584e10,0x00000000f8600000)
  from space 60416K, 61% used [0x00000000f8600000,0x00000000faa8f6d0,0x00000000fc100000)
  to   space 64000K, 0% used [0x00000000fc180000,0x00000000fc180000,0x0000000100000000)
 ParOldGen       total 699392K, used 375532K [0x00000000c0000000, 0x00000000eab00000, 0x00000000eab00000)
  object space 699392K, 53% used [0x00000000c0000000,0x00000000d6ebb288,0x00000000eab00000)
 Metaspace       used 111580K, capacity 112364K, committed 115200K, reserved 1146880K
  class space    used 18087K, capacity 18316K, committed 18688K, reserved 1048576K
GC Heap History (10 events):
Event: 631,870 GC heap before
{Heap before GC invocations=182 (full 15):
 PSYoungGen      total 275968K, used 205984K [0x00000000eab00000, 0x0000000100000000, 0x0000000100000000)
  eden space 199680K, 100% used [0x00000000eab00000,0x00000000f6e00000,0x00000000f6e00000)
  from space 76288K, 8% used [0x00000000fb580000,0x00000000fbba8000,0x0000000100000000)
  to   space 73216K, 0% used [0x00000000f6e00000,0x00000000f6e00000,0x00000000fb580000)
 ParOldGen       total 699392K, used 345495K [0x00000000c0000000, 0x00000000eab00000, 0x00000000eab00000)
  object space 699392K, 49% used [0x00000000c0000000,0x00000000d5165e40,0x00000000eab00000)
 Metaspace       used 111174K, capacity 111924K, committed 115200K, reserved 1146880K
  class space    used 18058K, capacity 18276K, committed 18688K, reserved 1048576K
Event: 631,879 GC heap after
Heap after GC invocations=182 (full 15):
 PSYoungGen      total 272896K, used 8411K [0x00000000eab00000, 0x0000000100000000, 0x0000000100000000)
  eden space 199680K, 0% used [0x00000000eab00000,0x00000000eab00000,0x00000000f6e00000)
  from space 73216K, 11% used [0x00000000f6e00000,0x00000000f7636f40,0x00000000fb580000)
  to   space 70144K, 0% used [0x00000000fbb80000,0x00000000fbb80000,0x0000000100000000)
 ParOldGen       total 699392K, used 349847K [0x00000000c0000000, 0x00000000eab00000, 0x00000000eab00000)
  object space 699392K, 50% used [0x00000000c0000000,0x00000000d55a5e40,0x00000000eab00000)
 Metaspace       used 111174K, capacity 111924K, committed 115200K, reserved 1146880K
  class space    used 18058K, capacity 18276K, committed 18688K, reserved 1048576K
}
Event: 632,066 GC heap before
{Heap before GC invocations=183 (full 15):
 PSYoungGen      total 272896K, used 208091K [0x00000000eab00000, 0x0000000100000000, 0x0000000100000000)
  eden space 199680K, 100% used [0x00000000eab00000,0x00000000f6e00000,0x00000000f6e00000)
  from space 73216K, 11% used [0x00000000f6e00000,0x00000000f7636f40,0x00000000fb580000)
  to   space 70144K, 0% used [0x00000000fbb80000,0x00000000fbb80000,0x0000000100000000)
 ParOldGen       total 699392K, used 349847K [0x00000000c0000000, 0x00000000eab00000, 0x00000000eab00000)
  object space 699392K, 50% used [0x00000000c0000000,0x00000000d55a5e40,0x00000000eab00000)
 Metaspace       used 111176K, capacity 111924K, committed 115200K, reserved 1146880K
  class space    used 18058K, capacity 18276K, committed 18688K, reserved 1048576K
Event: 632,076 GC heap after
Heap after GC invocations=183 (full 15):
 PSYoungGen      total 283136K, used 11407K [0x00000000eab00000, 0x0000000100000000, 0x0000000100000000)
  eden space 212992K, 0% used [0x00000000eab00000,0x00000000eab00000,0x00000000f7b00000)
  from space 70144K, 16% used [0x00000000fbb80000,0x00000000fc6a3fa0,0x0000000100000000)
  to   space 66048K, 0% used [0x00000000f7b00000,0x00000000f7b00000,0x00000000fbb80000)
 ParOldGen       total 699392K, used 355487K [0x00000000c0000000, 0x00000000eab00000, 0x00000000eab00000)
  object space 699392K, 50% used [0x00000000c0000000,0x00000000d5b27e40,0x00000000eab00000)
 Metaspace       used 111176K, capacity 111924K, committed 115200K, reserved 1146880K
  class space    used 18058K, capacity 18276K, committed 18688K, reserved 1048576K
}
Event: 632,282 GC heap before
{Heap before GC invocations=184 (full 15):
 PSYoungGen      total 283136K, used 224399K [0x00000000eab00000, 0x0000000100000000, 0x0000000100000000)
  eden space 212992K, 100% used [0x00000000eab00000,0x00000000f7b00000,0x00000000f7b00000)
  from space 70144K, 16% used [0x00000000fbb80000,0x00000000fc6a3fa0,0x0000000100000000)
  to   space 66048K, 0% used [0x00000000f7b00000,0x00000000f7b00000,0x00000000fbb80000)
 ParOldGen       total 699392K, used 355487K [0x00000000c0000000, 0x00000000eab00000, 0x00000000eab00000)
  object space 699392K, 50% used [0x00000000c0000000,0x00000000d5b27e40,0x00000000eab00000)
 Metaspace       used 111176K, capacity 111924K, committed 115200K, reserved 1146880K
  class space    used 18058K, capacity 18276K, committed 18688K, reserved 1048576K
Event: 632,293 GC heap after
Heap after GC invocations=184 (full 15):
 PSYoungGen      total 279040K, used 128K [0x00000000eab00000, 0x0000000100000000, 0x0000000100000000)
  eden space 212992K, 0% used [0x00000000eab00000,0x00000000eab00000,0x00000000f7b00000)
  from space 66048K, 0% used [0x00000000f7b00000,0x00000000f7b20000,0x00000000fbb80000)
  to   space 64512K, 0% used [0x00000000fc100000,0x00000000fc100000,0x0000000100000000)
 ParOldGen       total 699392K, used 360235K [0x00000000c0000000, 0x00000000eab00000, 0x00000000eab00000)
  object space 699392K, 51% used [0x00000000c0000000,0x00000000d5fcadc0,0x00000000eab00000)
 Metaspace       used 111176K, capacity 111924K, committed 115200K, reserved 1146880K
  class space    used 18058K, capacity 18276K, committed 18688K, reserved 1048576K
}
Event: 697,810 GC heap before
{Heap before GC invocations=185 (full 15):
 PSYoungGen      total 279040K, used 213120K [0x00000000eab00000, 0x0000000100000000, 0x0000000100000000)
  eden space 212992K, 100% used [0x00000000eab00000,0x00000000f7b00000,0x00000000f7b00000)
  from space 66048K, 0% used [0x00000000f7b00000,0x00000000f7b20000,0x00000000fbb80000)
  to   space 64512K, 0% used [0x00000000fc100000,0x00000000fc100000,0x0000000100000000)
 ParOldGen       total 699392K, used 360235K [0x00000000c0000000, 0x00000000eab00000, 0x00000000eab00000)
  object space 699392K, 51% used [0x00000000c0000000,0x00000000d5fcadc0,0x00000000eab00000)
 Metaspace       used 111202K, capacity 111988K, committed 115200K, reserved 1146880K
  class space    used 18058K, capacity 18276K, committed 18688K, reserved 1048576K
Event: 697,837 GC heap after
Heap after GC invocations=185 (full 15):
 PSYoungGen      total 288768K, used 18528K [0x00000000eab00000, 0x0000000100000000, 0x0000000100000000)
  eden space 224256K, 0% used [0x00000000eab00000,0x00000000eab00000,0x00000000f8600000)
  from space 64512K, 28% used [0x00000000fc100000,0x00000000fd3183e8,0x0000000100000000)
  to   space 60416K, 0% used [0x00000000f8600000,0x00000000f8600000,0x00000000fc100000)
 ParOldGen       total 699392K, used 360267K [0x00000000c0000000, 0x00000000eab00000, 0x00000000eab00000)
  object space 699392K, 51% used [0x00000000c0000000,0x00000000d5fd2dd0,0x00000000eab00000)
 Metaspace       used 111202K, capacity 111988K, committed 115200K, reserved 1146880K
  class space    used 18058K, capacity 18276K, committed 18688K, reserved 1048576K
}
Event: 698,653 GC heap before
{Heap before GC invocations=186 (full 15):
 PSYoungGen      total 288768K, used 242784K [0x00000000eab00000, 0x0000000100000000, 0x0000000100000000)
  eden space 224256K, 100% used [0x00000000eab00000,0x00000000f8600000,0x00000000f8600000)
  from space 64512K, 28% used [0x00000000fc100000,0x00000000fd3183e8,0x0000000100000000)
  to   space 60416K, 0% used [0x00000000f8600000,0x00000000f8600000,0x00000000fc100000)
 ParOldGen       total 699392K, used 360267K [0x00000000c0000000, 0x00000000eab00000, 0x00000000eab00000)
  object space 699392K, 51% used [0x00000000c0000000,0x00000000d5fd2dd0,0x00000000eab00000)
 Metaspace       used 111535K, capacity 112300K, committed 115200K, reserved 1146880K
  class space    used 18087K, capacity 18316K, committed 18688K, reserved 1048576K
Event: 698,684 GC heap after
Heap after GC invocations=186 (full 15):
 PSYoungGen      total 284672K, used 37437K [0x00000000eab00000, 0x0000000100000000, 0x0000000100000000)
  eden space 224256K, 0% used [0x00000000eab00000,0x00000000eab00000,0x00000000f8600000)
  from space 60416K, 61% used [0x00000000f8600000,0x00000000faa8f6d0,0x00000000fc100000)
  to   space 64000K, 0% used [0x00000000fc180000,0x00000000fc180000,0x0000000100000000)
 ParOldGen       total 699392K, used 375532K [0x00000000c0000000, 0x00000000eab00000, 0x00000000eab00000)
  object space 699392K, 53% used [0x00000000c0000000,0x00000000d6ebb288,0x00000000eab00000)
 Metaspace       used 111535K, capacity 112300K, committed 115200K, reserved 1146880K
  class space    used 18087K, capacity 18316K, committed 18688K, reserved 1048576K
}

